  [1m[36m (0.0ms)[0m  [1mselect sqlite_version(*)[0m
  [1m[35m (142.7ms)[0m  CREATE TABLE "schema_migrations" ("version" varchar(255) NOT NULL) 
  [1m[36m (0.1ms)[0m  [1mPRAGMA index_list("schema_migrations")[0m
  [1m[35m (85.6ms)[0m  CREATE UNIQUE INDEX "unique_schema_migrations" ON "schema_migrations" ("version")
  [1m[36m (0.1ms)[0m  [1mSELECT "schema_migrations"."version" FROM "schema_migrations" [0m
Migrating to CreateKeys (20120411173510)
  [1m[35m (0.5ms)[0m  CREATE TABLE "keys" ("id" INTEGER PRIMARY KEY AUTOINCREMENT NOT NULL, "name" varchar(255), "value" varchar(255), "created_at" datetime, "updated_at" datetime) 
  [1m[36m (0.1ms)[0m  [1mINSERT INTO "schema_migrations" ("version") VALUES ('20120411173510')[0m
  [1m[35m (0.3ms)[0m  select sqlite_version(*)
  [1m[36m (0.1ms)[0m  [1mSELECT "schema_migrations"."version" FROM "schema_migrations" [0m
  [1m[35m (0.0ms)[0m  PRAGMA index_list("keys")


Started GET "/keys" for 127.0.0.1 at 2012-04-11 12:35:42 -0500
  Processing by KeysController#index as HTML
  [1m[36mKey Load (0.2ms)[0m  [1mSELECT "keys".* FROM "keys" [0m
Rendered keys/index.html.erb within layouts/application (4.5ms)
Compiled application.css  (1ms)  (pid 3482)
Compiled keys.css  (5ms)  (pid 3482)
Compiled scaffolds.css  (14ms)  (pid 3482)
Compiled application.js  (15ms)  (pid 3482)
Compiled jquery.js  (17ms)  (pid 3482)
Compiled jquery_ujs.js  (0ms)  (pid 3482)
Compiled keys.js  (381ms)  (pid 3482)
Completed 200 OK in 603ms (Views: 601.7ms | ActiveRecord: 0.2ms)


Started GET "/assets/keys.css?body=1" for 127.0.0.1 at 2012-04-11 12:35:43 -0500
Served asset /keys.css - 200 OK (4ms)


Started GET "/assets/scaffolds.css?body=1" for 127.0.0.1 at 2012-04-11 12:35:43 -0500
Served asset /scaffolds.css - 200 OK (7ms)


Started GET "/assets/jquery_ujs.js?body=1" for 127.0.0.1 at 2012-04-11 12:35:43 -0500
Served asset /jquery_ujs.js - 304 Not Modified (6ms)


Started GET "/assets/jquery.js?body=1" for 127.0.0.1 at 2012-04-11 12:35:43 -0500
Served asset /jquery.js - 304 Not Modified (2ms)


Started GET "/assets/application.css?body=1" for 127.0.0.1 at 2012-04-11 12:35:43 -0500
Served asset /application.css - 200 OK (0ms)


Started GET "/assets/keys.js?body=1" for 127.0.0.1 at 2012-04-11 12:35:43 -0500
Served asset /keys.js - 200 OK (3ms)


Started GET "/assets/application.js?body=1" for 127.0.0.1 at 2012-04-11 12:35:43 -0500
Served asset /application.js - 304 Not Modified (0ms)


Started GET "/keys" for 127.0.0.1 at 2012-04-13 18:21:26 -0500

ActiveRecord::ConnectionNotEstablished (ActiveRecord::ConnectionNotEstablished):
  

Rendered /home/hernan/.rvm/gems/ruby-1.9.2-head@gestor_terminologico/gems/actionpack-3.1.1/lib/action_dispatch/middleware/templates/rescues/_trace.erb (1.4ms)
Rendered /home/hernan/.rvm/gems/ruby-1.9.2-head@gestor_terminologico/gems/actionpack-3.1.1/lib/action_dispatch/middleware/templates/rescues/_request_and_response.erb (10.0ms)
Rendered /home/hernan/.rvm/gems/ruby-1.9.2-head@gestor_terminologico/gems/actionpack-3.1.1/lib/action_dispatch/middleware/templates/rescues/diagnostics.erb within rescues/layout (49.3ms)
  [1m[36m (0.1ms)[0m  [1mSELECT "schema_migrations"."version" FROM "schema_migrations" [0m
Migrating to CreateKeys (20120411173510)
  [1m[35m (0.2ms)[0m  select sqlite_version(*)
  [1m[36m (0.1ms)[0m  [1mSELECT "schema_migrations"."version" FROM "schema_migrations" [0m
  [1m[35m (0.0ms)[0m  PRAGMA index_list("keys")


Started GET "/keys" for 127.0.0.1 at 2012-04-13 18:25:31 -0500
  Processing by KeysController#index as HTML
  [1m[36mKey Load (0.2ms)[0m  [1mSELECT "keys".* FROM "keys" [0m
Rendered keys/index.html.erb within layouts/application (4.3ms)
Compiled application.css  (6ms)  (pid 2992)
Compiled keys.css  (24ms)  (pid 2992)
Compiled scaffolds.css  (6ms)  (pid 2992)
Compiled application.js  (26ms)  (pid 2992)
Compiled jquery.js  (19ms)  (pid 2992)
Compiled jquery_ujs.js  (0ms)  (pid 2992)
Compiled keys.js  (102ms)  (pid 2992)
Completed 200 OK in 417ms (Views: 415.5ms | ActiveRecord: 0.2ms)


Started GET "/assets/keys.css?body=1" for 127.0.0.1 at 2012-04-13 18:25:32 -0500
Served asset /keys.css - 200 OK (32ms)


Started GET "/assets/jquery.js?body=1" for 127.0.0.1 at 2012-04-13 18:25:32 -0500
Served asset /jquery.js - 304 Not Modified (5ms)


Started GET "/assets/keys.js?body=1" for 127.0.0.1 at 2012-04-13 18:25:32 -0500
Served asset /keys.js - 200 OK (1ms)


Started GET "/assets/scaffolds.css?body=1" for 127.0.0.1 at 2012-04-13 18:25:32 -0500
Served asset /scaffolds.css - 200 OK (1ms)


Started GET "/assets/jquery_ujs.js?body=1" for 127.0.0.1 at 2012-04-13 18:25:32 -0500
Served asset /jquery_ujs.js - 304 Not Modified (2ms)


Started GET "/keys/new" for 127.0.0.1 at 2012-04-13 18:25:33 -0500
  Processing by KeysController#new as HTML
Rendered keys/_form.html.erb (10.4ms)
Rendered keys/new.html.erb within layouts/application (24.6ms)
Completed 200 OK in 40ms (Views: 39.4ms | ActiveRecord: 0.3ms)


Started GET "/assets/jquery.js?body=1" for 127.0.0.1 at 2012-04-13 18:25:34 -0500
Served asset /jquery.js - 304 Not Modified (0ms)


Started GET "/assets/jquery_ujs.js?body=1" for 127.0.0.1 at 2012-04-13 18:25:34 -0500
Served asset /jquery_ujs.js - 304 Not Modified (0ms)


Started POST "/keys" for 127.0.0.1 at 2012-04-13 18:25:51 -0500
  Processing by KeysController#create as HTML
  Parameters: {"utf8"=>"✓", "authenticity_token"=>"RVPV2Z/QU+y17opZ9OMh1Kxb6CwOtFPpQpFh/wCQJ84=", "key"=>{"name"=>"position", "value"=>"12.456789878; -78.1254878"}, "commit"=>"Create Key"}
  [1m[35mSQL (117.2ms)[0m  INSERT INTO "keys" ("created_at", "name", "updated_at", "value") VALUES (?, ?, ?, ?)  [["created_at", Fri, 13 Apr 2012 23:25:51 UTC +00:00], ["name", "position"], ["updated_at", Fri, 13 Apr 2012 23:25:51 UTC +00:00], ["value", "12.456789878; -78.1254878"]]
Redirected to http://localhost:3000/keys/1
Completed 302 Found in 275ms


Started GET "/keys/1" for 127.0.0.1 at 2012-04-13 18:25:51 -0500
  Processing by KeysController#show as HTML
  Parameters: {"id"=>"1"}
  [1m[36mKey Load (0.2ms)[0m  [1mSELECT "keys".* FROM "keys" WHERE "keys"."id" = ? LIMIT 1[0m  [["id", "1"]]
Rendered keys/show.html.erb within layouts/application (6.1ms)
Completed 200 OK in 23ms (Views: 20.3ms | ActiveRecord: 0.5ms)


Started GET "/assets/jquery_ujs.js?body=1" for 127.0.0.1 at 2012-04-13 18:25:51 -0500
Served asset /jquery_ujs.js - 304 Not Modified (0ms)


Started GET "/assets/jquery.js?body=1" for 127.0.0.1 at 2012-04-13 18:25:51 -0500
Served asset /jquery.js - 304 Not Modified (0ms)


Started GET "/keys/1" for 127.0.0.1 at 2012-04-13 18:35:04 -0500
  Processing by KeysController#show as HTML
  Parameters: {"id"=>"1"}
  [1m[36mKey Load (0.2ms)[0m  [1mSELECT "keys".* FROM "keys" WHERE "keys"."id" = ? LIMIT 1[0m  [["id", "1"]]
Rendered keys/show.html.erb within layouts/application (31.1ms)
Compiled application.css  (2ms)  (pid 3475)
Compiled map.css  (4ms)  (pid 3475)
Compiled application.js  (3ms)  (pid 3475)
Compiled map.js  (94ms)  (pid 3475)
Completed 200 OK in 214ms (Views: 209.7ms | ActiveRecord: 0.5ms)


Started GET "/assets/map.css?body=1" for 127.0.0.1 at 2012-04-13 18:35:05 -0500
Served asset /map.css - 200 OK (7ms)


Started GET "/assets/map.js?body=1" for 127.0.0.1 at 2012-04-13 18:35:05 -0500
Served asset /map.js - 200 OK (1ms)


Started GET "/assets/jquery.js?body=1" for 127.0.0.1 at 2012-04-13 18:35:05 -0500
Served asset /jquery.js - 304 Not Modified (3ms)


Started GET "/assets/jquery_ujs.js?body=1" for 127.0.0.1 at 2012-04-13 18:35:05 -0500
Served asset /jquery_ujs.js - 304 Not Modified (2ms)


Started GET "/maps" for 127.0.0.1 at 2012-04-13 18:35:11 -0500

ActionController::RoutingError (No route matches [GET] "/maps"):
  

Rendered /home/hernan/.rvm/gems/ruby-1.9.2-head@gestor_terminologico/gems/actionpack-3.1.1/lib/action_dispatch/middleware/templates/rescues/routing_error.erb within rescues/layout (0.8ms)


Started GET "/map" for 127.0.0.1 at 2012-04-13 18:35:17 -0500

ActionController::RoutingError (No route matches [GET] "/map"):
  

Rendered /home/hernan/.rvm/gems/ruby-1.9.2-head@gestor_terminologico/gems/actionpack-3.1.1/lib/action_dispatch/middleware/templates/rescues/routing_error.erb within rescues/layout (0.7ms)


Started GET "/map/show_position" for 127.0.0.1 at 2012-04-13 18:35:41 -0500
  Processing by MapController#show_position as HTML
  [1m[35mKey Load (0.1ms)[0m  SELECT "keys".* FROM "keys" WHERE "keys"."name" = 'position' LIMIT 1
Completed 500 Internal Server Error in 34ms

NameError (undefined local variable or method `position' for #<MapController:0x9ee5594>):
  app/controllers/map_controller.rb:4:in `show_position'

Rendered /home/hernan/.rvm/gems/ruby-1.9.2-head@gestor_terminologico/gems/actionpack-3.1.1/lib/action_dispatch/middleware/templates/rescues/_trace.erb (1.3ms)
Rendered /home/hernan/.rvm/gems/ruby-1.9.2-head@gestor_terminologico/gems/actionpack-3.1.1/lib/action_dispatch/middleware/templates/rescues/_request_and_response.erb (1.0ms)
Rendered /home/hernan/.rvm/gems/ruby-1.9.2-head@gestor_terminologico/gems/actionpack-3.1.1/lib/action_dispatch/middleware/templates/rescues/diagnostics.erb within rescues/layout (4.4ms)


Started GET "/map/show_position" for 127.0.0.1 at 2012-04-13 18:36:00 -0500
  Processing by MapController#show_position as HTML
  [1m[36mKey Load (0.1ms)[0m  [1mSELECT "keys".* FROM "keys" WHERE "keys"."name" = 'position' LIMIT 1[0m
Rendered map/show_position.html.erb within layouts/application (0.5ms)
Completed 200 OK in 18ms (Views: 7.9ms | ActiveRecord: 0.8ms)


Started GET "/assets/keys.css?body=1" for 127.0.0.1 at 2012-04-13 18:36:00 -0500
Served asset /keys.css - 304 Not Modified (1ms)


Started GET "/assets/map.css?body=1" for 127.0.0.1 at 2012-04-13 18:36:00 -0500
Served asset /map.css - 304 Not Modified (0ms)


Started GET "/assets/scaffolds.css?body=1" for 127.0.0.1 at 2012-04-13 18:36:00 -0500
Served asset /scaffolds.css - 304 Not Modified (3ms)


Started GET "/assets/jquery.js?body=1" for 127.0.0.1 at 2012-04-13 18:36:00 -0500
Served asset /jquery.js - 304 Not Modified (0ms)


Started GET "/assets/jquery_ujs.js?body=1" for 127.0.0.1 at 2012-04-13 18:36:00 -0500
Served asset /jquery_ujs.js - 304 Not Modified (0ms)


Started GET "/assets/map.js?body=1" for 127.0.0.1 at 2012-04-13 18:36:00 -0500
Served asset /map.js - 304 Not Modified (0ms)


Started GET "/assets/keys.js?body=1" for 127.0.0.1 at 2012-04-13 18:36:00 -0500
Served asset /keys.js - 304 Not Modified (1ms)


Started GET "/keys" for 127.0.0.1 at 2012-04-13 18:37:25 -0500
  Processing by KeysController#index as HTML
  [1m[36mKey Load (0.2ms)[0m  [1mSELECT "keys".* FROM "keys" [0m
Rendered keys/index.html.erb within layouts/application (11.4ms)
Completed 200 OK in 88ms (Views: 87.0ms | ActiveRecord: 0.3ms)


Started GET "/assets/keys.css?body=1" for 127.0.0.1 at 2012-04-13 18:37:25 -0500
Served asset /keys.css - 304 Not Modified (3ms)


Started GET "/assets/map.css?body=1" for 127.0.0.1 at 2012-04-13 18:37:25 -0500
Served asset /map.css - 304 Not Modified (1ms)


Started GET "/assets/jquery_ujs.js?body=1" for 127.0.0.1 at 2012-04-13 18:37:25 -0500
Served asset /jquery_ujs.js - 304 Not Modified (7ms)


Started GET "/assets/jquery.js?body=1" for 127.0.0.1 at 2012-04-13 18:37:25 -0500
Served asset /jquery.js - 304 Not Modified (3ms)


Started GET "/assets/scaffolds.css?body=1" for 127.0.0.1 at 2012-04-13 18:37:25 -0500
Served asset /scaffolds.css - 304 Not Modified (1ms)


Started GET "/assets/keys.js?body=1" for 127.0.0.1 at 2012-04-13 18:37:25 -0500
Served asset /keys.js - 304 Not Modified (1ms)


Started GET "/assets/map.js?body=1" for 127.0.0.1 at 2012-04-13 18:37:25 -0500
Served asset /map.js - 304 Not Modified (1ms)


Started GET "/keys" for 127.0.0.1 at 2012-04-13 18:48:39 -0500
  Processing by KeysController#index as HTML
  [1m[35mKey Load (0.1ms)[0m  SELECT "keys".* FROM "keys" 
Rendered keys/index.html.erb within layouts/application (6.7ms)
Completed 200 OK in 16ms (Views: 14.4ms | ActiveRecord: 0.4ms)


Started GET "/assets/keys.css?body=1" for 127.0.0.1 at 2012-04-13 18:48:39 -0500
Served asset /keys.css - 304 Not Modified (0ms)


Started GET "/assets/map.css?body=1" for 127.0.0.1 at 2012-04-13 18:48:39 -0500
Served asset /map.css - 304 Not Modified (0ms)


Started GET "/assets/scaffolds.css?body=1" for 127.0.0.1 at 2012-04-13 18:48:39 -0500
Served asset /scaffolds.css - 304 Not Modified (0ms)


Started GET "/assets/jquery.js?body=1" for 127.0.0.1 at 2012-04-13 18:48:39 -0500
Served asset /jquery.js - 304 Not Modified (0ms)


Started GET "/assets/jquery_ujs.js?body=1" for 127.0.0.1 at 2012-04-13 18:48:39 -0500
Served asset /jquery_ujs.js - 304 Not Modified (0ms)


Started GET "/assets/keys.js?body=1" for 127.0.0.1 at 2012-04-13 18:48:39 -0500
Served asset /keys.js - 304 Not Modified (0ms)


Started GET "/assets/map.js?body=1" for 127.0.0.1 at 2012-04-13 18:48:39 -0500
Served asset /map.js - 304 Not Modified (0ms)


Started GET "/keys/new" for 127.0.0.1 at 2012-04-13 18:48:42 -0500
  Processing by KeysController#new as HTML
Rendered keys/_form.html.erb (8.0ms)
Rendered keys/new.html.erb within layouts/application (14.5ms)
Completed 200 OK in 52ms (Views: 51.5ms | ActiveRecord: 0.2ms)


Started GET "/assets/keys.css?body=1" for 127.0.0.1 at 2012-04-13 18:48:42 -0500
Served asset /keys.css - 304 Not Modified (0ms)


Started GET "/assets/scaffolds.css?body=1" for 127.0.0.1 at 2012-04-13 18:48:42 -0500
Served asset /scaffolds.css - 304 Not Modified (0ms)


Started GET "/assets/map.css?body=1" for 127.0.0.1 at 2012-04-13 18:48:42 -0500
Served asset /map.css - 304 Not Modified (0ms)


Started GET "/assets/keys.js?body=1" for 127.0.0.1 at 2012-04-13 18:48:42 -0500
Served asset /keys.js - 304 Not Modified (0ms)


Started GET "/assets/jquery.js?body=1" for 127.0.0.1 at 2012-04-13 18:48:42 -0500
Served asset /jquery.js - 304 Not Modified (0ms)


Started GET "/assets/jquery_ujs.js?body=1" for 127.0.0.1 at 2012-04-13 18:48:42 -0500
Served asset /jquery_ujs.js - 304 Not Modified (0ms)


Started GET "/assets/map.js?body=1" for 127.0.0.1 at 2012-04-13 18:48:42 -0500
Served asset /map.js - 304 Not Modified (0ms)


Started POST "/keys" for 127.0.0.1 at 2012-04-13 18:48:53 -0500
  Processing by KeysController#create as HTML
  Parameters: {"utf8"=>"✓", "authenticity_token"=>"RVPV2Z/QU+y17opZ9OMh1Kxb6CwOtFPpQpFh/wCQJ84=", "key"=>{"name"=>"position", "value"=>"1; -1"}, "commit"=>"Create Key"}
  [1m[36mSQL (35.5ms)[0m  [1mINSERT INTO "keys" ("created_at", "name", "updated_at", "value") VALUES (?, ?, ?, ?)[0m  [["created_at", Fri, 13 Apr 2012 23:48:53 UTC +00:00], ["name", "position"], ["updated_at", Fri, 13 Apr 2012 23:48:53 UTC +00:00], ["value", "1; -1"]]
Redirected to http://localhost:3000/keys/2
Completed 302 Found in 171ms


Started GET "/keys/2" for 127.0.0.1 at 2012-04-13 18:48:53 -0500
  Processing by KeysController#show as HTML
  Parameters: {"id"=>"2"}
  [1m[35mKey Load (0.2ms)[0m  SELECT "keys".* FROM "keys" WHERE "keys"."id" = ? LIMIT 1  [["id", "2"]]
Rendered keys/show.html.erb within layouts/application (6.3ms)
Completed 200 OK in 18ms (Views: 14.7ms | ActiveRecord: 0.6ms)


Started GET "/assets/keys.css?body=1" for 127.0.0.1 at 2012-04-13 18:48:53 -0500
Served asset /keys.css - 304 Not Modified (0ms)


Started GET "/assets/map.css?body=1" for 127.0.0.1 at 2012-04-13 18:48:53 -0500
Served asset /map.css - 304 Not Modified (0ms)


Started GET "/assets/scaffolds.css?body=1" for 127.0.0.1 at 2012-04-13 18:48:53 -0500
Served asset /scaffolds.css - 304 Not Modified (2ms)


Started GET "/assets/jquery.js?body=1" for 127.0.0.1 at 2012-04-13 18:48:53 -0500
Served asset /jquery.js - 304 Not Modified (0ms)


Started GET "/assets/map.js?body=1" for 127.0.0.1 at 2012-04-13 18:48:53 -0500
Served asset /map.js - 304 Not Modified (0ms)


Started GET "/assets/keys.js?body=1" for 127.0.0.1 at 2012-04-13 18:48:53 -0500
Served asset /keys.js - 304 Not Modified (0ms)


Started GET "/assets/jquery_ujs.js?body=1" for 127.0.0.1 at 2012-04-13 18:48:53 -0500
Served asset /jquery_ujs.js - 304 Not Modified (0ms)


Started GET "/keys" for 127.0.0.1 at 2012-04-13 18:48:56 -0500
  Processing by KeysController#index as HTML
  [1m[36mKey Load (0.1ms)[0m  [1mSELECT "keys".* FROM "keys" [0m
Rendered keys/index.html.erb within layouts/application (8.4ms)
Completed 200 OK in 18ms (Views: 16.5ms | ActiveRecord: 0.5ms)


Started GET "/assets/keys.css?body=1" for 127.0.0.1 at 2012-04-13 18:48:56 -0500
Served asset /keys.css - 304 Not Modified (0ms)


Started GET "/assets/map.css?body=1" for 127.0.0.1 at 2012-04-13 18:48:56 -0500
Served asset /map.css - 304 Not Modified (0ms)


Started GET "/assets/scaffolds.css?body=1" for 127.0.0.1 at 2012-04-13 18:48:56 -0500
Served asset /scaffolds.css - 304 Not Modified (0ms)


Started GET "/assets/jquery.js?body=1" for 127.0.0.1 at 2012-04-13 18:48:56 -0500
Served asset /jquery.js - 304 Not Modified (0ms)


Started GET "/assets/jquery_ujs.js?body=1" for 127.0.0.1 at 2012-04-13 18:48:56 -0500
Served asset /jquery_ujs.js - 304 Not Modified (0ms)


Started GET "/assets/keys.js?body=1" for 127.0.0.1 at 2012-04-13 18:48:56 -0500
Served asset /keys.js - 304 Not Modified (0ms)


Started GET "/assets/map.js?body=1" for 127.0.0.1 at 2012-04-13 18:48:56 -0500
Served asset /map.js - 304 Not Modified (0ms)


Started GET "/keys" for 127.0.0.1 at 2012-04-13 18:49:05 -0500
  Processing by KeysController#index as HTML
  [1m[35mKey Load (0.1ms)[0m  SELECT "keys".* FROM "keys" 
Rendered keys/index.html.erb within layouts/application (9.3ms)
Completed 200 OK in 18ms (Views: 16.7ms | ActiveRecord: 0.5ms)


Started GET "/assets/map.css?body=1" for 127.0.0.1 at 2012-04-13 18:49:05 -0500
Served asset /map.css - 304 Not Modified (0ms)


Started GET "/assets/jquery_ujs.js?body=1" for 127.0.0.1 at 2012-04-13 18:49:05 -0500
Served asset /jquery_ujs.js - 304 Not Modified (0ms)


Started GET "/assets/scaffolds.css?body=1" for 127.0.0.1 at 2012-04-13 18:49:05 -0500
Served asset /scaffolds.css - 304 Not Modified (0ms)


Started GET "/assets/keys.css?body=1" for 127.0.0.1 at 2012-04-13 18:49:05 -0500
Served asset /keys.css - 304 Not Modified (0ms)


Started GET "/assets/jquery.js?body=1" for 127.0.0.1 at 2012-04-13 18:49:05 -0500
Served asset /jquery.js - 304 Not Modified (0ms)


Started GET "/assets/keys.js?body=1" for 127.0.0.1 at 2012-04-13 18:49:05 -0500
Served asset /keys.js - 304 Not Modified (0ms)


Started GET "/assets/map.js?body=1" for 127.0.0.1 at 2012-04-13 18:49:05 -0500
Served asset /map.js - 304 Not Modified (0ms)


Started GET "/keys" for 127.0.0.1 at 2012-04-13 18:51:27 -0500
  Processing by KeysController#index as HTML
  [1m[36mKey Load (0.2ms)[0m  [1mSELECT "keys".* FROM "keys" [0m
Rendered keys/index.html.erb within layouts/application (35.1ms)
Completed 200 OK in 91ms (Views: 89.8ms | ActiveRecord: 0.3ms)


Started GET "/assets/keys.css?body=1" for 127.0.0.1 at 2012-04-13 18:51:28 -0500
Served asset /keys.css - 304 Not Modified (1ms)


Started GET "/assets/map.css?body=1" for 127.0.0.1 at 2012-04-13 18:51:28 -0500
Served asset /map.css - 304 Not Modified (1ms)


Started GET "/assets/scaffolds.css?body=1" for 127.0.0.1 at 2012-04-13 18:51:28 -0500
Served asset /scaffolds.css - 304 Not Modified (1ms)


Started GET "/assets/jquery_ujs.js?body=1" for 127.0.0.1 at 2012-04-13 18:51:28 -0500
Served asset /jquery_ujs.js - 304 Not Modified (2ms)


Started GET "/assets/jquery.js?body=1" for 127.0.0.1 at 2012-04-13 18:51:28 -0500
Served asset /jquery.js - 304 Not Modified (11ms)


Started GET "/assets/map.js?body=1" for 127.0.0.1 at 2012-04-13 18:51:28 -0500
Served asset /map.js - 304 Not Modified (2ms)


Started GET "/assets/keys.js?body=1" for 127.0.0.1 at 2012-04-13 18:51:28 -0500
Served asset /keys.js - 304 Not Modified (1ms)


Started DELETE "/keys/2" for 127.0.0.1 at 2012-04-13 18:51:32 -0500
  Processing by KeysController#destroy as HTML
  Parameters: {"authenticity_token"=>"RVPV2Z/QU+y17opZ9OMh1Kxb6CwOtFPpQpFh/wCQJ84=", "id"=>"2"}
  [1m[35mKey Load (0.2ms)[0m  SELECT "keys".* FROM "keys" WHERE "keys"."id" = ? LIMIT 1  [["id", "2"]]
  [1m[36mSQL (33.5ms)[0m  [1mDELETE FROM "keys" WHERE "keys"."id" = ?[0m  [["id", 2]]
Redirected to http://localhost:3000/keys
Completed 302 Found in 204ms


Started GET "/keys" for 127.0.0.1 at 2012-04-13 18:51:32 -0500
  Processing by KeysController#index as HTML
  [1m[35mKey Load (0.1ms)[0m  SELECT "keys".* FROM "keys" 
Rendered keys/index.html.erb within layouts/application (9.1ms)
Completed 200 OK in 18ms (Views: 16.9ms | ActiveRecord: 0.4ms)


Started GET "/assets/keys.css?body=1" for 127.0.0.1 at 2012-04-13 18:51:32 -0500
Served asset /keys.css - 304 Not Modified (0ms)


Started GET "/assets/scaffolds.css?body=1" for 127.0.0.1 at 2012-04-13 18:51:32 -0500
Served asset /scaffolds.css - 304 Not Modified (0ms)


Started GET "/assets/jquery.js?body=1" for 127.0.0.1 at 2012-04-13 18:51:32 -0500
Served asset /jquery.js - 304 Not Modified (0ms)


Started GET "/assets/jquery_ujs.js?body=1" for 127.0.0.1 at 2012-04-13 18:51:32 -0500
Served asset /jquery_ujs.js - 304 Not Modified (0ms)


Started GET "/assets/map.css?body=1" for 127.0.0.1 at 2012-04-13 18:51:32 -0500
Served asset /map.css - 304 Not Modified (0ms)


Started GET "/assets/keys.js?body=1" for 127.0.0.1 at 2012-04-13 18:51:32 -0500
Served asset /keys.js - 304 Not Modified (0ms)


Started GET "/assets/map.js?body=1" for 127.0.0.1 at 2012-04-13 18:51:32 -0500
Served asset /map.js - 304 Not Modified (0ms)


Started GET "/keys/new" for 127.0.0.1 at 2012-04-13 18:51:34 -0500
  Processing by KeysController#new as HTML
Rendered keys/_form.html.erb (8.4ms)
Rendered keys/new.html.erb within layouts/application (14.6ms)
Completed 200 OK in 23ms (Views: 22.0ms | ActiveRecord: 0.3ms)


Started GET "/assets/keys.css?body=1" for 127.0.0.1 at 2012-04-13 18:51:34 -0500
Served asset /keys.css - 304 Not Modified (0ms)


Started GET "/assets/scaffolds.css?body=1" for 127.0.0.1 at 2012-04-13 18:51:34 -0500
Served asset /scaffolds.css - 304 Not Modified (0ms)


Started GET "/assets/jquery.js?body=1" for 127.0.0.1 at 2012-04-13 18:51:34 -0500
Served asset /jquery.js - 304 Not Modified (0ms)


Started GET "/assets/map.css?body=1" for 127.0.0.1 at 2012-04-13 18:51:34 -0500
Served asset /map.css - 304 Not Modified (0ms)


Started GET "/assets/jquery_ujs.js?body=1" for 127.0.0.1 at 2012-04-13 18:51:34 -0500
Served asset /jquery_ujs.js - 304 Not Modified (0ms)


Started GET "/assets/keys.js?body=1" for 127.0.0.1 at 2012-04-13 18:51:34 -0500
Served asset /keys.js - 304 Not Modified (0ms)


Started GET "/assets/map.js?body=1" for 127.0.0.1 at 2012-04-13 18:51:34 -0500
Served asset /map.js - 304 Not Modified (0ms)


Started POST "/keys" for 127.0.0.1 at 2012-04-13 18:51:42 -0500
  Processing by KeysController#create as HTML
  Parameters: {"utf8"=>"✓", "authenticity_token"=>"RVPV2Z/QU+y17opZ9OMh1Kxb6CwOtFPpQpFh/wCQJ84=", "key"=>{"name"=>"position", "value"=>"1; -1"}, "commit"=>"Create Key"}
Completed 500 Internal Server Error in 14ms

NameError (undefined local variable or method `key' for #<KeysController:0xaa83ea0>):
  app/controllers/keys_controller.rb:43:in `create'

Rendered /home/hernan/.rvm/gems/ruby-1.9.2-head@gestor_terminologico/gems/actionpack-3.1.1/lib/action_dispatch/middleware/templates/rescues/_trace.erb (1.2ms)
Rendered /home/hernan/.rvm/gems/ruby-1.9.2-head@gestor_terminologico/gems/actionpack-3.1.1/lib/action_dispatch/middleware/templates/rescues/_request_and_response.erb (1.0ms)
Rendered /home/hernan/.rvm/gems/ruby-1.9.2-head@gestor_terminologico/gems/actionpack-3.1.1/lib/action_dispatch/middleware/templates/rescues/diagnostics.erb within rescues/layout (4.2ms)


Started POST "/keys" for 127.0.0.1 at 2012-04-13 18:52:05 -0500
  Processing by KeysController#create as HTML
  Parameters: {"utf8"=>"✓", "authenticity_token"=>"RVPV2Z/QU+y17opZ9OMh1Kxb6CwOtFPpQpFh/wCQJ84=", "key"=>{"name"=>"position", "value"=>"1; -1"}, "commit"=>"Create Key"}
Completed 500 Internal Server Error in 0ms

NoMethodError (undefined method `name' for {"name"=>"position", "value"=>"1; -1"}:ActiveSupport::HashWithIndifferentAccess):
  app/controllers/keys_controller.rb:43:in `create'

Rendered /home/hernan/.rvm/gems/ruby-1.9.2-head@gestor_terminologico/gems/actionpack-3.1.1/lib/action_dispatch/middleware/templates/rescues/_trace.erb (1.3ms)
Rendered /home/hernan/.rvm/gems/ruby-1.9.2-head@gestor_terminologico/gems/actionpack-3.1.1/lib/action_dispatch/middleware/templates/rescues/_request_and_response.erb (1.5ms)
Rendered /home/hernan/.rvm/gems/ruby-1.9.2-head@gestor_terminologico/gems/actionpack-3.1.1/lib/action_dispatch/middleware/templates/rescues/diagnostics.erb within rescues/layout (31.5ms)


Started POST "/keys" for 127.0.0.1 at 2012-04-13 18:52:24 -0500
  Processing by KeysController#create as HTML
  Parameters: {"utf8"=>"✓", "authenticity_token"=>"RVPV2Z/QU+y17opZ9OMh1Kxb6CwOtFPpQpFh/wCQJ84=", "key"=>{"name"=>"position", "value"=>"1; -1"}, "commit"=>"Create Key"}
  [1m[36mKey Load (0.1ms)[0m  [1mSELECT "keys".* FROM "keys" WHERE "keys"."name" = 'position' LIMIT 1[0m
  [1m[35m (0.2ms)[0m  UPDATE "keys" SET "value" = NULL, "updated_at" = '2012-04-13 23:52:24.237063' WHERE "keys"."id" = 1
Redirected to 
Completed 500 Internal Server Error in 181ms

ActionController::ActionControllerError (Cannot redirect to nil!):
  app/controllers/keys_controller.rb:49:in `create'

Rendered /home/hernan/.rvm/gems/ruby-1.9.2-head@gestor_terminologico/gems/actionpack-3.1.1/lib/action_dispatch/middleware/templates/rescues/_trace.erb (1.3ms)
Rendered /home/hernan/.rvm/gems/ruby-1.9.2-head@gestor_terminologico/gems/actionpack-3.1.1/lib/action_dispatch/middleware/templates/rescues/_request_and_response.erb (1.2ms)
Rendered /home/hernan/.rvm/gems/ruby-1.9.2-head@gestor_terminologico/gems/actionpack-3.1.1/lib/action_dispatch/middleware/templates/rescues/diagnostics.erb within rescues/layout (4.5ms)


Started GET "/keys" for 127.0.0.1 at 2012-04-13 18:53:24 -0500
  Processing by KeysController#index as HTML
  [1m[36mKey Load (0.1ms)[0m  [1mSELECT "keys".* FROM "keys" [0m
Rendered keys/index.html.erb within layouts/application (7.1ms)
Completed 200 OK in 16ms (Views: 14.5ms | ActiveRecord: 0.4ms)


Started GET "/assets/keys.css?body=1" for 127.0.0.1 at 2012-04-13 18:53:24 -0500
Served asset /keys.css - 304 Not Modified (0ms)


Started GET "/assets/jquery.js?body=1" for 127.0.0.1 at 2012-04-13 18:53:24 -0500
Served asset /jquery.js - 304 Not Modified (0ms)


Started GET "/assets/map.css?body=1" for 127.0.0.1 at 2012-04-13 18:53:24 -0500
Served asset /map.css - 304 Not Modified (0ms)


Started GET "/assets/scaffolds.css?body=1" for 127.0.0.1 at 2012-04-13 18:53:24 -0500
Served asset /scaffolds.css - 304 Not Modified (0ms)


Started GET "/assets/jquery_ujs.js?body=1" for 127.0.0.1 at 2012-04-13 18:53:24 -0500
Served asset /jquery_ujs.js - 304 Not Modified (0ms)


Started GET "/assets/keys.js?body=1" for 127.0.0.1 at 2012-04-13 18:53:24 -0500
Served asset /keys.js - 304 Not Modified (0ms)


Started GET "/assets/map.js?body=1" for 127.0.0.1 at 2012-04-13 18:53:24 -0500
Served asset /map.js - 304 Not Modified (0ms)


Started GET "/keys/new" for 127.0.0.1 at 2012-04-13 18:53:29 -0500
  Processing by KeysController#new as HTML
Rendered keys/_form.html.erb (7.3ms)
Rendered keys/new.html.erb within layouts/application (8.2ms)
Completed 200 OK in 16ms (Views: 14.7ms | ActiveRecord: 0.3ms)


Started GET "/assets/keys.css?body=1" for 127.0.0.1 at 2012-04-13 18:53:29 -0500
Served asset /keys.css - 304 Not Modified (0ms)


Started GET "/assets/map.css?body=1" for 127.0.0.1 at 2012-04-13 18:53:29 -0500
Served asset /map.css - 304 Not Modified (0ms)


Started GET "/assets/keys.js?body=1" for 127.0.0.1 at 2012-04-13 18:53:29 -0500
Served asset /keys.js - 304 Not Modified (0ms)


Started GET "/assets/jquery_ujs.js?body=1" for 127.0.0.1 at 2012-04-13 18:53:29 -0500
Served asset /jquery_ujs.js - 304 Not Modified (0ms)


Started GET "/assets/scaffolds.css?body=1" for 127.0.0.1 at 2012-04-13 18:53:29 -0500
Served asset /scaffolds.css - 304 Not Modified (0ms)


Started GET "/assets/jquery.js?body=1" for 127.0.0.1 at 2012-04-13 18:53:29 -0500
Served asset /jquery.js - 304 Not Modified (0ms)


Started GET "/assets/map.js?body=1" for 127.0.0.1 at 2012-04-13 18:53:29 -0500
Served asset /map.js - 304 Not Modified (0ms)


Started POST "/keys" for 127.0.0.1 at 2012-04-13 18:53:38 -0500
  Processing by KeysController#create as HTML
  Parameters: {"utf8"=>"✓", "authenticity_token"=>"RVPV2Z/QU+y17opZ9OMh1Kxb6CwOtFPpQpFh/wCQJ84=", "key"=>{"name"=>"position", "value"=>"-14; 12645"}, "commit"=>"Create Key"}
  [1m[35mKey Load (0.1ms)[0m  SELECT "keys".* FROM "keys" WHERE "keys"."name" = 'position' LIMIT 1
Redirected to http://localhost:3000/keys/1
  [1m[36mSQL (0.4ms)[0m  [1mINSERT INTO "keys" ("created_at", "name", "updated_at", "value") VALUES (?, ?, ?, ?)[0m  [["created_at", Fri, 13 Apr 2012 23:53:38 UTC +00:00], ["name", "position"], ["updated_at", Fri, 13 Apr 2012 23:53:38 UTC +00:00], ["value", "-14; 12645"]]
Redirected to 
Completed 500 Internal Server Error in 205ms

AbstractController::DoubleRenderError (Render and/or redirect were called multiple times in this action. Please note that you may only call render OR redirect, and at most once per action. Also note that neither redirect nor render terminate execution of the action, so if you want to exit an action after redirecting, you need to do something like "redirect_to(...) and return".):
  app/controllers/keys_controller.rb:63:in `block (2 levels) in create'
  app/controllers/keys_controller.rb:61:in `create'

Rendered /home/hernan/.rvm/gems/ruby-1.9.2-head@gestor_terminologico/gems/actionpack-3.1.1/lib/action_dispatch/middleware/templates/rescues/_trace.erb (1.4ms)
Rendered /home/hernan/.rvm/gems/ruby-1.9.2-head@gestor_terminologico/gems/actionpack-3.1.1/lib/action_dispatch/middleware/templates/rescues/_request_and_response.erb (1.1ms)
Rendered /home/hernan/.rvm/gems/ruby-1.9.2-head@gestor_terminologico/gems/actionpack-3.1.1/lib/action_dispatch/middleware/templates/rescues/diagnostics.erb within rescues/layout (4.6ms)


Started GET "/keys" for 127.0.0.1 at 2012-04-13 18:54:08 -0500
  Processing by KeysController#index as HTML
  [1m[35mKey Load (0.1ms)[0m  SELECT "keys".* FROM "keys" 
Rendered keys/index.html.erb within layouts/application (8.7ms)
Completed 200 OK in 19ms (Views: 16.5ms | ActiveRecord: 1.4ms)


Started GET "/assets/keys.css?body=1" for 127.0.0.1 at 2012-04-13 18:54:08 -0500
Served asset /keys.css - 304 Not Modified (0ms)


Started GET "/assets/map.css?body=1" for 127.0.0.1 at 2012-04-13 18:54:08 -0500
Served asset /map.css - 304 Not Modified (0ms)


Started GET "/assets/jquery.js?body=1" for 127.0.0.1 at 2012-04-13 18:54:08 -0500
Served asset /jquery.js - 304 Not Modified (0ms)


Started GET "/assets/keys.js?body=1" for 127.0.0.1 at 2012-04-13 18:54:08 -0500
Served asset /keys.js - 304 Not Modified (0ms)


Started GET "/assets/scaffolds.css?body=1" for 127.0.0.1 at 2012-04-13 18:54:08 -0500
Served asset /scaffolds.css - 304 Not Modified (0ms)


Started GET "/assets/jquery_ujs.js?body=1" for 127.0.0.1 at 2012-04-13 18:54:08 -0500
Served asset /jquery_ujs.js - 304 Not Modified (0ms)


Started GET "/assets/map.js?body=1" for 127.0.0.1 at 2012-04-13 18:54:08 -0500
Served asset /map.js - 304 Not Modified (0ms)


Started DELETE "/keys/1" for 127.0.0.1 at 2012-04-13 18:54:14 -0500
  Processing by KeysController#destroy as HTML
  Parameters: {"authenticity_token"=>"RVPV2Z/QU+y17opZ9OMh1Kxb6CwOtFPpQpFh/wCQJ84=", "id"=>"1"}
  [1m[36mKey Load (0.2ms)[0m  [1mSELECT "keys".* FROM "keys" WHERE "keys"."id" = ? LIMIT 1[0m  [["id", "1"]]
  [1m[35mSQL (0.2ms)[0m  DELETE FROM "keys" WHERE "keys"."id" = ?  [["id", 1]]
Redirected to http://localhost:3000/keys
Completed 302 Found in 138ms


Started GET "/keys" for 127.0.0.1 at 2012-04-13 18:54:14 -0500
  Processing by KeysController#index as HTML
  [1m[36mKey Load (0.1ms)[0m  [1mSELECT "keys".* FROM "keys" [0m
Rendered keys/index.html.erb within layouts/application (6.8ms)
Completed 200 OK in 16ms (Views: 14.4ms | ActiveRecord: 0.4ms)


Started GET "/assets/keys.css?body=1" for 127.0.0.1 at 2012-04-13 18:54:14 -0500
Served asset /keys.css - 304 Not Modified (0ms)


Started GET "/assets/map.css?body=1" for 127.0.0.1 at 2012-04-13 18:54:14 -0500
Served asset /map.css - 304 Not Modified (0ms)


Started GET "/assets/scaffolds.css?body=1" for 127.0.0.1 at 2012-04-13 18:54:14 -0500
Served asset /scaffolds.css - 304 Not Modified (0ms)


Started GET "/assets/jquery_ujs.js?body=1" for 127.0.0.1 at 2012-04-13 18:54:14 -0500
Served asset /jquery_ujs.js - 304 Not Modified (0ms)


Started GET "/assets/keys.js?body=1" for 127.0.0.1 at 2012-04-13 18:54:14 -0500
Served asset /keys.js - 304 Not Modified (0ms)


Started GET "/assets/jquery.js?body=1" for 127.0.0.1 at 2012-04-13 18:54:14 -0500
Served asset /jquery.js - 304 Not Modified (0ms)


Started GET "/assets/map.js?body=1" for 127.0.0.1 at 2012-04-13 18:54:14 -0500
Served asset /map.js - 304 Not Modified (0ms)


Started GET "/keys/new" for 127.0.0.1 at 2012-04-13 18:54:15 -0500
  Processing by KeysController#new as HTML
Rendered keys/_form.html.erb (8.0ms)
Rendered keys/new.html.erb within layouts/application (9.0ms)
Completed 200 OK in 17ms (Views: 16.1ms | ActiveRecord: 0.3ms)


Started GET "/assets/map.css?body=1" for 127.0.0.1 at 2012-04-13 18:54:15 -0500
Served asset /map.css - 304 Not Modified (0ms)


Started GET "/assets/jquery_ujs.js?body=1" for 127.0.0.1 at 2012-04-13 18:54:15 -0500
Served asset /jquery_ujs.js - 304 Not Modified (0ms)


Started GET "/assets/jquery.js?body=1" for 127.0.0.1 at 2012-04-13 18:54:15 -0500
Served asset /jquery.js - 304 Not Modified (0ms)


Started GET "/assets/keys.css?body=1" for 127.0.0.1 at 2012-04-13 18:54:15 -0500
Served asset /keys.css - 304 Not Modified (0ms)


Started GET "/assets/keys.js?body=1" for 127.0.0.1 at 2012-04-13 18:54:15 -0500
Served asset /keys.js - 304 Not Modified (0ms)


Started GET "/assets/scaffolds.css?body=1" for 127.0.0.1 at 2012-04-13 18:54:15 -0500
Served asset /scaffolds.css - 304 Not Modified (3ms)


Started GET "/assets/map.js?body=1" for 127.0.0.1 at 2012-04-13 18:54:15 -0500
Served asset /map.js - 304 Not Modified (0ms)


Started POST "/keys" for 127.0.0.1 at 2012-04-13 18:54:22 -0500
  Processing by KeysController#create as HTML
  Parameters: {"utf8"=>"✓", "authenticity_token"=>"RVPV2Z/QU+y17opZ9OMh1Kxb6CwOtFPpQpFh/wCQJ84=", "key"=>{"name"=>"position", "value"=>"1; 1"}, "commit"=>"Create Key"}
  [1m[35mKey Load (0.1ms)[0m  SELECT "keys".* FROM "keys" WHERE "keys"."name" = 'position' LIMIT 1
  [1m[36m (0.2ms)[0m  [1mUPDATE "keys" SET "value" = NULL, "updated_at" = '2012-04-13 23:54:22.208887' WHERE "keys"."id" = 3[0m
Redirected to http://localhost:3000/keys/3
Completed 302 Found in 195ms


Started GET "/keys/3" for 127.0.0.1 at 2012-04-13 18:54:22 -0500
  Processing by KeysController#show as HTML
  Parameters: {"id"=>"3"}
  [1m[35mKey Load (0.1ms)[0m  SELECT "keys".* FROM "keys" WHERE "keys"."id" = ? LIMIT 1  [["id", "3"]]
Rendered keys/show.html.erb within layouts/application (5.8ms)
Completed 200 OK in 15ms (Views: 13.1ms | ActiveRecord: 0.4ms)


Started GET "/assets/keys.css?body=1" for 127.0.0.1 at 2012-04-13 18:54:22 -0500
Served asset /keys.css - 304 Not Modified (0ms)


Started GET "/assets/keys.js?body=1" for 127.0.0.1 at 2012-04-13 18:54:22 -0500
Served asset /keys.js - 304 Not Modified (2ms)


Started GET "/assets/map.js?body=1" for 127.0.0.1 at 2012-04-13 18:54:22 -0500
Served asset /map.js - 304 Not Modified (0ms)


Started GET "/assets/jquery.js?body=1" for 127.0.0.1 at 2012-04-13 18:54:22 -0500
Served asset /jquery.js - 304 Not Modified (0ms)


Started GET "/assets/jquery_ujs.js?body=1" for 127.0.0.1 at 2012-04-13 18:54:22 -0500
Served asset /jquery_ujs.js - 304 Not Modified (0ms)


Started GET "/assets/scaffolds.css?body=1" for 127.0.0.1 at 2012-04-13 18:54:22 -0500
Served asset /scaffolds.css - 304 Not Modified (0ms)


Started GET "/assets/map.css?body=1" for 127.0.0.1 at 2012-04-13 18:54:22 -0500
Served asset /map.css - 304 Not Modified (0ms)


Started GET "/keys" for 127.0.0.1 at 2012-04-13 18:55:06 -0500
  Processing by KeysController#index as HTML
  [1m[36mKey Load (0.1ms)[0m  [1mSELECT "keys".* FROM "keys" [0m
Rendered keys/index.html.erb within layouts/application (7.0ms)
Completed 200 OK in 16ms (Views: 14.2ms | ActiveRecord: 0.4ms)


Started GET "/assets/map.css?body=1" for 127.0.0.1 at 2012-04-13 18:55:06 -0500
Served asset /map.css - 304 Not Modified (0ms)


Started GET "/assets/keys.css?body=1" for 127.0.0.1 at 2012-04-13 18:55:06 -0500
Served asset /keys.css - 304 Not Modified (0ms)


Started GET "/assets/scaffolds.css?body=1" for 127.0.0.1 at 2012-04-13 18:55:06 -0500
Served asset /scaffolds.css - 304 Not Modified (0ms)


Started GET "/assets/keys.js?body=1" for 127.0.0.1 at 2012-04-13 18:55:06 -0500
Served asset /keys.js - 304 Not Modified (0ms)


Started GET "/assets/jquery_ujs.js?body=1" for 127.0.0.1 at 2012-04-13 18:55:06 -0500
Served asset /jquery_ujs.js - 304 Not Modified (0ms)


Started GET "/assets/jquery.js?body=1" for 127.0.0.1 at 2012-04-13 18:55:06 -0500
Served asset /jquery.js - 304 Not Modified (0ms)


Started GET "/assets/map.js?body=1" for 127.0.0.1 at 2012-04-13 18:55:06 -0500
Served asset /map.js - 304 Not Modified (0ms)


Started GET "/keys/new" for 127.0.0.1 at 2012-04-13 18:55:08 -0500
  Processing by KeysController#new as HTML
Rendered keys/_form.html.erb (7.1ms)
Rendered keys/new.html.erb within layouts/application (8.1ms)
Completed 200 OK in 16ms (Views: 15.2ms | ActiveRecord: 0.2ms)


Started GET "/assets/map.css?body=1" for 127.0.0.1 at 2012-04-13 18:55:08 -0500
Served asset /map.css - 304 Not Modified (0ms)


Started GET "/assets/scaffolds.css?body=1" for 127.0.0.1 at 2012-04-13 18:55:08 -0500
Served asset /scaffolds.css - 304 Not Modified (0ms)


Started GET "/assets/jquery_ujs.js?body=1" for 127.0.0.1 at 2012-04-13 18:55:08 -0500
Served asset /jquery_ujs.js - 304 Not Modified (0ms)


Started GET "/assets/jquery.js?body=1" for 127.0.0.1 at 2012-04-13 18:55:08 -0500
Served asset /jquery.js - 304 Not Modified (0ms)


Started GET "/assets/keys.js?body=1" for 127.0.0.1 at 2012-04-13 18:55:08 -0500
Served asset /keys.js - 304 Not Modified (0ms)


Started GET "/assets/map.js?body=1" for 127.0.0.1 at 2012-04-13 18:55:08 -0500
Served asset /map.js - 304 Not Modified (0ms)


Started GET "/assets/keys.css?body=1" for 127.0.0.1 at 2012-04-13 18:55:08 -0500
Served asset /keys.css - 304 Not Modified (0ms)


Started POST "/keys" for 127.0.0.1 at 2012-04-13 18:55:14 -0500
  Processing by KeysController#create as HTML
  Parameters: {"utf8"=>"✓", "authenticity_token"=>"RVPV2Z/QU+y17opZ9OMh1Kxb6CwOtFPpQpFh/wCQJ84=", "key"=>{"name"=>"position", "value"=>"1; 1"}, "commit"=>"Create Key"}
  [1m[35mKey Load (0.1ms)[0m  SELECT "keys".* FROM "keys" WHERE "keys"."name" = 'position' LIMIT 1
  [1m[36m (0.4ms)[0m  [1mUPDATE "keys" SET "value" = '1; 1', "updated_at" = '2012-04-13 23:55:14.441587' WHERE "keys"."id" = 3[0m
Redirected to http://localhost:3000/keys/3
Completed 302 Found in 171ms


Started GET "/keys/3" for 127.0.0.1 at 2012-04-13 18:55:14 -0500
  Processing by KeysController#show as HTML
  Parameters: {"id"=>"3"}
  [1m[35mKey Load (0.1ms)[0m  SELECT "keys".* FROM "keys" WHERE "keys"."id" = ? LIMIT 1  [["id", "3"]]
Rendered keys/show.html.erb within layouts/application (7.7ms)
Completed 200 OK in 18ms (Views: 16.3ms | ActiveRecord: 0.5ms)


Started GET "/assets/keys.css?body=1" for 127.0.0.1 at 2012-04-13 18:55:14 -0500
Served asset /keys.css - 304 Not Modified (0ms)


Started GET "/assets/map.css?body=1" for 127.0.0.1 at 2012-04-13 18:55:14 -0500
Served asset /map.css - 304 Not Modified (0ms)


Started GET "/assets/scaffolds.css?body=1" for 127.0.0.1 at 2012-04-13 18:55:14 -0500
Served asset /scaffolds.css - 304 Not Modified (0ms)


Started GET "/assets/jquery_ujs.js?body=1" for 127.0.0.1 at 2012-04-13 18:55:14 -0500
Served asset /jquery_ujs.js - 304 Not Modified (0ms)


Started GET "/assets/keys.js?body=1" for 127.0.0.1 at 2012-04-13 18:55:14 -0500
Served asset /keys.js - 304 Not Modified (0ms)


Started GET "/assets/jquery.js?body=1" for 127.0.0.1 at 2012-04-13 18:55:14 -0500
Served asset /jquery.js - 304 Not Modified (0ms)


Started GET "/assets/map.js?body=1" for 127.0.0.1 at 2012-04-13 18:55:14 -0500
Served asset /map.js - 304 Not Modified (0ms)


Started GET "/keys" for 127.0.0.1 at 2012-04-13 18:55:18 -0500
  Processing by KeysController#index as HTML
  [1m[36mKey Load (0.1ms)[0m  [1mSELECT "keys".* FROM "keys" [0m
Rendered keys/index.html.erb within layouts/application (6.8ms)
Completed 200 OK in 16ms (Views: 14.7ms | ActiveRecord: 0.4ms)


Started GET "/assets/keys.css?body=1" for 127.0.0.1 at 2012-04-13 18:55:18 -0500
Served asset /keys.css - 304 Not Modified (0ms)


Started GET "/assets/map.css?body=1" for 127.0.0.1 at 2012-04-13 18:55:18 -0500
Served asset /map.css - 304 Not Modified (0ms)


Started GET "/assets/scaffolds.css?body=1" for 127.0.0.1 at 2012-04-13 18:55:18 -0500
Served asset /scaffolds.css - 304 Not Modified (0ms)


Started GET "/assets/jquery_ujs.js?body=1" for 127.0.0.1 at 2012-04-13 18:55:18 -0500
Served asset /jquery_ujs.js - 304 Not Modified (0ms)


Started GET "/assets/keys.js?body=1" for 127.0.0.1 at 2012-04-13 18:55:18 -0500
Served asset /keys.js - 304 Not Modified (0ms)


Started GET "/assets/jquery.js?body=1" for 127.0.0.1 at 2012-04-13 18:55:18 -0500
Served asset /jquery.js - 304 Not Modified (0ms)


Started GET "/assets/map.js?body=1" for 127.0.0.1 at 2012-04-13 18:55:18 -0500
Served asset /map.js - 304 Not Modified (0ms)


Started GET "/keys/new" for 127.0.0.1 at 2012-04-13 18:55:20 -0500
  Processing by KeysController#new as HTML
Rendered keys/_form.html.erb (7.2ms)
Rendered keys/new.html.erb within layouts/application (8.2ms)
Completed 200 OK in 17ms (Views: 15.7ms | ActiveRecord: 0.2ms)


Started GET "/assets/keys.css?body=1" for 127.0.0.1 at 2012-04-13 18:55:20 -0500
Served asset /keys.css - 304 Not Modified (0ms)


Started GET "/assets/scaffolds.css?body=1" for 127.0.0.1 at 2012-04-13 18:55:20 -0500
Served asset /scaffolds.css - 304 Not Modified (0ms)


Started GET "/assets/keys.js?body=1" for 127.0.0.1 at 2012-04-13 18:55:20 -0500
Served asset /keys.js - 304 Not Modified (0ms)


Started GET "/assets/jquery_ujs.js?body=1" for 127.0.0.1 at 2012-04-13 18:55:20 -0500
Served asset /jquery_ujs.js - 304 Not Modified (0ms)


Started GET "/assets/map.css?body=1" for 127.0.0.1 at 2012-04-13 18:55:20 -0500
Served asset /map.css - 304 Not Modified (0ms)


Started GET "/assets/jquery.js?body=1" for 127.0.0.1 at 2012-04-13 18:55:20 -0500
Served asset /jquery.js - 304 Not Modified (0ms)


Started GET "/assets/map.js?body=1" for 127.0.0.1 at 2012-04-13 18:55:20 -0500
Served asset /map.js - 304 Not Modified (0ms)


Started POST "/keys" for 127.0.0.1 at 2012-04-13 18:55:33 -0500
  Processing by KeysController#create as HTML
  Parameters: {"utf8"=>"✓", "authenticity_token"=>"RVPV2Z/QU+y17opZ9OMh1Kxb6CwOtFPpQpFh/wCQJ84=", "key"=>{"name"=>"position", "value"=>"-123456; 123456"}, "commit"=>"Create Key"}
  [1m[35mKey Load (0.1ms)[0m  SELECT "keys".* FROM "keys" WHERE "keys"."name" = 'position' LIMIT 1
  [1m[36m (0.2ms)[0m  [1mUPDATE "keys" SET "value" = '-123456; 123456', "updated_at" = '2012-04-13 23:55:33.393944' WHERE "keys"."id" = 3[0m
Redirected to http://localhost:3000/keys/3
Completed 302 Found in 198ms


Started GET "/keys/3" for 127.0.0.1 at 2012-04-13 18:55:33 -0500
  Processing by KeysController#show as HTML
  Parameters: {"id"=>"3"}
  [1m[35mKey Load (0.1ms)[0m  SELECT "keys".* FROM "keys" WHERE "keys"."id" = ? LIMIT 1  [["id", "3"]]
Rendered keys/show.html.erb within layouts/application (5.2ms)
Completed 200 OK in 14ms (Views: 12.5ms | ActiveRecord: 0.5ms)


Started GET "/assets/keys.css?body=1" for 127.0.0.1 at 2012-04-13 18:55:33 -0500
Served asset /keys.css - 304 Not Modified (0ms)


Started GET "/assets/map.css?body=1" for 127.0.0.1 at 2012-04-13 18:55:33 -0500
Served asset /map.css - 304 Not Modified (0ms)


Started GET "/assets/scaffolds.css?body=1" for 127.0.0.1 at 2012-04-13 18:55:33 -0500
Served asset /scaffolds.css - 304 Not Modified (0ms)


Started GET "/assets/jquery.js?body=1" for 127.0.0.1 at 2012-04-13 18:55:33 -0500
Served asset /jquery.js - 304 Not Modified (0ms)


Started GET "/assets/jquery_ujs.js?body=1" for 127.0.0.1 at 2012-04-13 18:55:33 -0500
Served asset /jquery_ujs.js - 304 Not Modified (0ms)


Started GET "/assets/keys.js?body=1" for 127.0.0.1 at 2012-04-13 18:55:33 -0500
Served asset /keys.js - 304 Not Modified (0ms)


Started GET "/assets/map.js?body=1" for 127.0.0.1 at 2012-04-13 18:55:33 -0500
Served asset /map.js - 304 Not Modified (0ms)


Started GET "/keys" for 127.0.0.1 at 2012-04-13 18:55:36 -0500
  Processing by KeysController#index as HTML
  [1m[36mKey Load (0.1ms)[0m  [1mSELECT "keys".* FROM "keys" [0m
Rendered keys/index.html.erb within layouts/application (6.7ms)
Completed 200 OK in 16ms (Views: 14.6ms | ActiveRecord: 0.4ms)


Started GET "/assets/map.css?body=1" for 127.0.0.1 at 2012-04-13 18:55:36 -0500
Served asset /map.css - 304 Not Modified (0ms)


Started GET "/assets/keys.css?body=1" for 127.0.0.1 at 2012-04-13 18:55:36 -0500
Served asset /keys.css - 304 Not Modified (0ms)


Started GET "/assets/jquery_ujs.js?body=1" for 127.0.0.1 at 2012-04-13 18:55:36 -0500
Served asset /jquery_ujs.js - 304 Not Modified (0ms)


Started GET "/assets/keys.js?body=1" for 127.0.0.1 at 2012-04-13 18:55:36 -0500
Served asset /keys.js - 304 Not Modified (0ms)


Started GET "/assets/map.js?body=1" for 127.0.0.1 at 2012-04-13 18:55:36 -0500
Served asset /map.js - 304 Not Modified (0ms)


Started GET "/assets/scaffolds.css?body=1" for 127.0.0.1 at 2012-04-13 18:55:36 -0500
Served asset /scaffolds.css - 304 Not Modified (0ms)


Started GET "/assets/jquery.js?body=1" for 127.0.0.1 at 2012-04-13 18:55:36 -0500
Served asset /jquery.js - 304 Not Modified (0ms)


Started GET "/keys" for 127.0.0.1 at 2012-04-13 18:55:38 -0500
  Processing by KeysController#index as HTML
  [1m[35mKey Load (0.1ms)[0m  SELECT "keys".* FROM "keys" 
Rendered keys/index.html.erb within layouts/application (6.8ms)
Completed 200 OK in 16ms (Views: 14.7ms | ActiveRecord: 0.5ms)


Started GET "/assets/keys.css?body=1" for 127.0.0.1 at 2012-04-13 18:55:38 -0500
Served asset /keys.css - 304 Not Modified (0ms)


Started GET "/assets/map.css?body=1" for 127.0.0.1 at 2012-04-13 18:55:38 -0500
Served asset /map.css - 304 Not Modified (0ms)


Started GET "/assets/scaffolds.css?body=1" for 127.0.0.1 at 2012-04-13 18:55:39 -0500
Served asset /scaffolds.css - 304 Not Modified (1ms)


Started GET "/assets/keys.js?body=1" for 127.0.0.1 at 2012-04-13 18:55:39 -0500
Served asset /keys.js - 304 Not Modified (0ms)


Started GET "/assets/jquery_ujs.js?body=1" for 127.0.0.1 at 2012-04-13 18:55:39 -0500
Served asset /jquery_ujs.js - 304 Not Modified (0ms)


Started GET "/assets/jquery.js?body=1" for 127.0.0.1 at 2012-04-13 18:55:39 -0500
Served asset /jquery.js - 304 Not Modified (0ms)


Started GET "/assets/map.js?body=1" for 127.0.0.1 at 2012-04-13 18:55:39 -0500
Served asset /map.js - 304 Not Modified (0ms)
