Compiled application.js  (2ms)  (pid 4835)
Compiled jquery.js  (2ms)  (pid 4835)
Compiled jquery_ujs.js  (0ms)  (pid 4835)
Compiled keys.js  (152ms)  (pid 4835)
Compiled application.css  (1ms)  (pid 4835)
Compiled keys.css  (152ms)  (pid 4835)
Compiled application.js  (2ms)  (pid 5936)
Compiled jquery.js  (2ms)  (pid 5936)
Compiled jquery_ujs.js  (0ms)  (pid 5936)
Compiled keys.js  (154ms)  (pid 5936)
Compiled application.css  (1ms)  (pid 5936)
Compiled keys.css  (153ms)  (pid 5936)
Compiled application.js  (2ms)  (pid 5960)
Compiled jquery.js  (2ms)  (pid 5960)
Compiled jquery_ujs.js  (0ms)  (pid 5960)
Compiled keys.js  (153ms)  (pid 5960)
Compiled application.css  (1ms)  (pid 5960)
Compiled keys.css  (153ms)  (pid 5960)
Compiled application.js  (2ms)  (pid 5989)
Compiled jquery.js  (2ms)  (pid 5989)
Compiled jquery_ujs.js  (0ms)  (pid 5989)
Compiled keys.js  (153ms)  (pid 5989)
Compiled application.css  (1ms)  (pid 5989)
Compiled keys.css  (153ms)  (pid 5989)
Compiled application.js  (2ms)  (pid 6019)
Compiled jquery.js  (2ms)  (pid 6019)
Compiled jquery_ujs.js  (0ms)  (pid 6019)
Compiled keys.js  (155ms)  (pid 6019)
Compiled application.css  (1ms)  (pid 6019)
Compiled keys.css  (154ms)  (pid 6019)
Compiled application.js  (2ms)  (pid 6101)
Compiled jquery.js  (2ms)  (pid 6101)
Compiled jquery_ujs.js  (0ms)  (pid 6101)
Compiled keys.js  (153ms)  (pid 6101)
Compiled application.css  (1ms)  (pid 6101)
Compiled keys.css  (5ms)  (pid 6101)
Compiled scaffolds.css  (12ms)  (pid 6101)
Compiled application.js  (2ms)  (pid 6090)
Compiled jquery.js  (2ms)  (pid 6090)
Compiled jquery_ujs.js  (0ms)  (pid 6090)
Compiled keys.js  (154ms)  (pid 6090)
Compiled application.css  (1ms)  (pid 6090)
Compiled keys.css  (23ms)  (pid 6090)
Compiled scaffolds.css  (12ms)  (pid 6090)
